[2023-05-30 22:05:41,342] pyhamilton.interface INFO starting a Hamilton interface
[2023-05-30 22:05:41,343] pyhamilton.interface INFO started the oem application for simulation
[2023-05-30 22:05:41,344] pyhamilton.interface INFO started the server thread
[2023-05-30 22:06:00,368] pyhamilton.interface INFO sending end run command to simulator
[2023-05-30 22:06:01,869] pyhamilton.interface ERROR HamiltonTimeoutError('Timed out after 1.5 sec while waiting for response id 0x0')
[2023-05-30 22:06:01,869] pyhamilton.interface INFO disconnected from server
[2023-05-30 22:06:01,970] pyhamilton.interface INFO server did not exit yet, sending dummy request to exit its loop
[2023-05-30 22:06:01,980] pyhamilton.interface INFO dummy get request sent to server
[2023-05-30 22:06:01,980] pyhamilton.interface INFO server thread exited
[2023-06-01 15:41:02,651] pyhamilton.interface INFO starting a Hamilton interface
[2023-06-01 15:41:02,652] pyhamilton.interface INFO started the oem application for simulation
[2023-06-01 15:41:02,652] pyhamilton.interface INFO started the server thread
[2023-06-01 15:42:21,690] pyhamilton.interface INFO sending end run command to simulator
[2023-06-01 15:42:23,191] pyhamilton.interface ERROR HamiltonTimeoutError('Timed out after 1.5 sec while waiting for response id 0x0')
[2023-06-01 15:42:23,191] pyhamilton.interface INFO disconnected from server
[2023-06-01 15:42:23,292] pyhamilton.interface INFO server did not exit yet, sending dummy request to exit its loop
[2023-06-01 15:42:23,304] pyhamilton.interface INFO dummy get request sent to server
[2023-06-01 15:42:23,305] pyhamilton.interface INFO server thread exited
[2023-06-01 15:49:11,540] pyhamilton.interface INFO starting a Hamilton interface
[2023-06-01 15:49:11,540] pyhamilton.interface INFO started the oem application for simulation
[2023-06-01 15:49:11,540] pyhamilton.interface INFO started the server thread
[2023-06-01 15:49:31,976] pyhamilton.interface INFO sending end run command to simulator
[2023-06-01 15:49:32,188] pyhamilton.interface INFO disconnected from server
[2023-06-01 15:49:32,289] pyhamilton.interface INFO server did not exit yet, sending dummy request to exit its loop
[2023-06-01 15:49:32,294] pyhamilton.interface INFO dummy get request sent to server
[2023-06-01 15:49:32,294] pyhamilton.interface INFO server thread exited
[2023-06-01 15:49:33,368] pyhamilton.interface INFO starting a Hamilton interface
[2023-06-01 15:49:33,368] pyhamilton.interface INFO started the oem application for simulation
[2023-06-01 15:49:33,368] pyhamilton.interface INFO started the server thread
[2023-06-01 15:49:43,375] pyhamilton.interface INFO sending end run command to simulator
[2023-06-01 15:49:44,876] pyhamilton.interface ERROR HamiltonTimeoutError('Timed out after 1.5 sec while waiting for response id 0x0')
[2023-06-01 15:49:44,876] pyhamilton.interface INFO disconnected from server
[2023-06-01 15:49:44,977] pyhamilton.interface INFO server did not exit yet, sending dummy request to exit its loop
[2023-06-01 15:49:44,981] pyhamilton.interface INFO dummy get request sent to server
[2023-06-01 15:49:44,981] pyhamilton.interface INFO server thread exited
[2023-06-01 15:59:14,569] pyhamilton.interface INFO starting a Hamilton interface
[2023-06-01 15:59:14,569] pyhamilton.interface INFO started the oem application for simulation
[2023-06-01 15:59:14,569] pyhamilton.interface INFO started the server thread
[2023-06-01 15:59:25,574] pyhamilton.interface INFO sending end run command to simulator
[2023-06-01 15:59:27,075] pyhamilton.interface ERROR HamiltonTimeoutError('Timed out after 1.5 sec while waiting for response id 0x0')
[2023-06-01 15:59:27,075] pyhamilton.interface INFO disconnected from server
[2023-06-01 15:59:27,175] pyhamilton.interface INFO server did not exit yet, sending dummy request to exit its loop
[2023-06-01 15:59:27,181] pyhamilton.interface INFO dummy get request sent to server
[2023-06-01 15:59:27,181] pyhamilton.interface INFO server thread exited
[2023-06-01 16:09:41,244] pyhamilton.interface INFO starting a Hamilton interface
[2023-06-01 16:09:41,244] pyhamilton.interface INFO started the oem application for simulation
[2023-06-01 16:09:41,244] pyhamilton.interface INFO started the server thread
[2023-06-01 16:09:49,603] pyhamilton.interface INFO sending end run command to simulator
[2023-06-01 16:09:49,787] pyhamilton.interface INFO disconnected from server
[2023-06-01 16:09:49,888] pyhamilton.interface INFO server did not exit yet, sending dummy request to exit its loop
[2023-06-01 16:09:49,895] pyhamilton.interface INFO dummy get request sent to server
[2023-06-01 16:09:49,895] pyhamilton.interface INFO server thread exited
[2023-06-01 16:09:50,932] pyhamilton.interface INFO starting a Hamilton interface
[2023-06-01 16:09:50,933] pyhamilton.interface INFO started the oem application for simulation
[2023-06-01 16:09:50,933] pyhamilton.interface INFO started the server thread
[2023-06-01 16:10:01,940] pyhamilton.interface INFO sending end run command to simulator
[2023-06-01 16:10:03,440] pyhamilton.interface ERROR HamiltonTimeoutError('Timed out after 1.5 sec while waiting for response id 0x0')
[2023-06-01 16:10:03,440] pyhamilton.interface INFO disconnected from server
[2023-06-01 16:10:03,541] pyhamilton.interface INFO server did not exit yet, sending dummy request to exit its loop
[2023-06-01 16:10:03,545] pyhamilton.interface INFO dummy get request sent to server
[2023-06-01 16:10:03,546] pyhamilton.interface INFO server thread exited
[2023-06-01 16:22:08,196] pyhamilton.interface INFO starting a Hamilton interface
[2023-06-01 16:22:08,196] pyhamilton.interface INFO started the oem application for simulation
[2023-06-01 16:22:08,196] pyhamilton.interface INFO started the server thread
[2023-06-01 16:22:22,207] pyhamilton.interface INFO sending end run command to simulator
[2023-06-01 16:22:23,707] pyhamilton.interface ERROR HamiltonTimeoutError('Timed out after 1.5 sec while waiting for response id 0x0')
[2023-06-01 16:22:23,707] pyhamilton.interface INFO disconnected from server
[2023-06-01 16:22:23,808] pyhamilton.interface INFO server did not exit yet, sending dummy request to exit its loop
[2023-06-01 16:22:23,812] pyhamilton.interface INFO dummy get request sent to server
[2023-06-01 16:22:23,812] pyhamilton.interface INFO server thread exited
[2023-06-01 16:40:57,336] pyhamilton.interface INFO starting a Hamilton interface
[2023-06-01 16:40:57,336] pyhamilton.interface INFO started the oem application for simulation
[2023-06-01 16:40:57,336] pyhamilton.interface INFO started the server thread
[2023-06-01 16:41:14,365] pyhamilton.interface INFO sending end run command to simulator
[2023-06-01 16:41:15,868] pyhamilton.interface ERROR HamiltonTimeoutError('Timed out after 1.5 sec while waiting for response id 0x0')
[2023-06-01 16:41:15,868] pyhamilton.interface INFO disconnected from server
[2023-06-01 16:41:15,969] pyhamilton.interface INFO server did not exit yet, sending dummy request to exit its loop
[2023-06-01 16:41:15,978] pyhamilton.interface INFO dummy get request sent to server
[2023-06-01 16:41:15,979] pyhamilton.interface INFO server thread exited
[2023-06-01 16:45:50,201] pyhamilton.interface INFO starting a Hamilton interface
[2023-06-01 16:45:50,201] pyhamilton.interface INFO started the oem application for simulation
[2023-06-01 16:45:50,201] pyhamilton.interface INFO started the server thread
[2023-06-01 16:46:12,247] pyhamilton.interface INFO sending end run command to simulator
[2023-06-01 16:46:13,747] pyhamilton.interface ERROR HamiltonTimeoutError('Timed out after 1.5 sec while waiting for response id 0x0')
[2023-06-01 16:46:13,748] pyhamilton.interface INFO disconnected from server
[2023-06-01 16:46:13,848] pyhamilton.interface INFO server did not exit yet, sending dummy request to exit its loop
[2023-06-01 16:46:13,854] pyhamilton.interface INFO dummy get request sent to server
[2023-06-01 16:46:13,854] pyhamilton.interface INFO server thread exited
[2023-06-01 18:16:48,523] pyhamilton.interface INFO starting a Hamilton interface
[2023-06-01 18:16:48,523] pyhamilton.interface INFO started the oem application for simulation
[2023-06-01 18:16:48,523] pyhamilton.interface INFO started the server thread
[2023-06-01 18:17:04,537] pyhamilton.interface INFO sending end run command to simulator
[2023-06-01 18:17:06,038] pyhamilton.interface ERROR HamiltonTimeoutError('Timed out after 1.5 sec while waiting for response id 0x0')
[2023-06-01 18:17:06,038] pyhamilton.interface INFO disconnected from server
[2023-06-01 18:17:06,139] pyhamilton.interface INFO server did not exit yet, sending dummy request to exit its loop
[2023-06-01 18:17:06,148] pyhamilton.interface INFO dummy get request sent to server
[2023-06-01 18:17:06,148] pyhamilton.interface INFO server thread exited
[2023-06-01 18:17:46,406] pyhamilton.interface INFO starting a Hamilton interface
[2023-06-01 18:17:46,406] pyhamilton.interface INFO started the oem application for simulation
[2023-06-01 18:17:46,406] pyhamilton.interface INFO started the server thread
[2023-06-01 18:18:04,419] pyhamilton.interface INFO sending end run command to simulator
[2023-06-01 18:18:05,921] pyhamilton.interface ERROR HamiltonTimeoutError('Timed out after 1.5 sec while waiting for response id 0x0')
[2023-06-01 18:18:05,924] pyhamilton.interface INFO disconnected from server
[2023-06-01 18:18:06,044] pyhamilton.interface INFO server did not exit yet, sending dummy request to exit its loop
[2023-06-01 18:18:06,056] pyhamilton.interface INFO dummy get request sent to server
[2023-06-01 18:18:06,057] pyhamilton.interface INFO server thread exited
[2023-06-01 18:19:41,903] pyhamilton.interface INFO starting a Hamilton interface
[2023-06-01 18:19:41,903] pyhamilton.interface INFO started the oem application for simulation
[2023-06-01 18:19:41,904] pyhamilton.interface INFO started the server thread
[2023-06-01 18:19:59,925] pyhamilton.interface INFO sending end run command to simulator
[2023-06-01 18:20:01,425] pyhamilton.interface ERROR HamiltonTimeoutError('Timed out after 1.5 sec while waiting for response id 0x0')
[2023-06-01 18:20:01,425] pyhamilton.interface INFO disconnected from server
[2023-06-01 18:20:01,526] pyhamilton.interface INFO server did not exit yet, sending dummy request to exit its loop
[2023-06-01 18:20:01,533] pyhamilton.interface INFO dummy get request sent to server
[2023-06-01 18:20:01,533] pyhamilton.interface INFO server thread exited
